2025-09-24 10:53:07 | INFO | db_path=PosixPath('/Users/USER/Projects/buzzline-05-wilcox/data/buzz.sqlite')
2025-09-24 10:53:07 | INFO | Inserted one message into the database.
2025-09-24 10:53:07 | INFO | Processed message: {'message': 'I just loved a movie! It was funny.', 'author': 'Alice', 'timestamp': '2025-09-24 10:51:24', 'category': 'entertainment', 'sentiment': 0.72, 'keyword_mentioned': 'movie', 'message_length': 35}
2025-09-24 10:53:07 | INFO | Calling SQLite insert_message() with:
2025-09-24 10:53:07 | INFO | message={'message': 'I just loved a movie! It was funny.', 'author': 'Alice', 'timestamp': '2025-09-24 10:51:24', 'category': 'entertainment', 'sentiment': 0.72, 'keyword_mentioned': 'movie', 'message_length': 35}
2025-09-24 10:53:07 | INFO | db_path=PosixPath('/Users/USER/Projects/buzzline-05-wilcox/data/buzz.sqlite')
2025-09-24 10:53:07 | INFO | Inserted one message into the database.
2025-09-24 10:53:07 | INFO | Processed message: {'message': 'I just found recipe! It was weird.', 'author': 'Charlie', 'timestamp': '2025-09-24 10:51:29', 'category': 'food', 'sentiment': 0.45, 'keyword_mentioned': 'recipe', 'message_length': 34}
2025-09-24 10:53:07 | INFO | Calling SQLite insert_message() with:
2025-09-24 10:53:07 | INFO | message={'message': 'I just found recipe! It was weird.', 'author': 'Charlie', 'timestamp': '2025-09-24 10:51:29', 'category': 'food', 'sentiment': 0.45, 'keyword_mentioned': 'recipe', 'message_length': 34}
2025-09-24 10:53:07 | INFO | db_path=PosixPath('/Users/USER/Projects/buzzline-05-wilcox/data/buzz.sqlite')
2025-09-24 10:53:07 | INFO | Inserted one message into the database.
2025-09-24 10:53:07 | INFO | Processed message: {'message': 'I just found JavaScript! It was exciting.', 'author': 'Charlie', 'timestamp': '2025-09-24 10:51:34', 'category': 'tech', 'sentiment': 0.12, 'keyword_mentioned': 'JavaScript', 'message_length': 41}
2025-09-24 10:53:07 | INFO | Calling SQLite insert_message() with:
2025-09-24 10:53:07 | INFO | message={'message': 'I just found JavaScript! It was exciting.', 'author': 'Charlie', 'timestamp': '2025-09-24 10:51:34', 'category': 'tech', 'sentiment': 0.12, 'keyword_mentioned': 'JavaScript', 'message_length': 41}
2025-09-24 10:53:07 | INFO | db_path=PosixPath('/Users/USER/Projects/buzzline-05-wilcox/data/buzz.sqlite')
2025-09-24 10:53:07 | INFO | Inserted one message into the database.
2025-09-24 10:53:07 | INFO | Processed message: {'message': 'I just saw Python! It was amazing.', 'author': 'Bob', 'timestamp': '2025-09-24 10:51:39', 'category': 'tech', 'sentiment': 0.01, 'keyword_mentioned': 'Python', 'message_length': 34}
2025-09-24 10:53:07 | INFO | Calling SQLite insert_message() with:
2025-09-24 10:53:07 | INFO | message={'message': 'I just saw Python! It was amazing.', 'author': 'Bob', 'timestamp': '2025-09-24 10:51:39', 'category': 'tech', 'sentiment': 0.01, 'keyword_mentioned': 'Python', 'message_length': 34}
2025-09-24 10:53:07 | INFO | db_path=PosixPath('/Users/USER/Projects/buzzline-05-wilcox/data/buzz.sqlite')
2025-09-24 10:53:07 | INFO | Inserted one message into the database.
2025-09-24 10:53:07 | INFO | Processed message: {'message': 'I just shared recipe! It was funny.', 'author': 'Charlie', 'timestamp': '2025-09-24 10:51:44', 'category': 'food', 'sentiment': 0.78, 'keyword_mentioned': 'recipe', 'message_length': 35}
2025-09-24 10:53:07 | INFO | Calling SQLite insert_message() with:
2025-09-24 10:53:07 | INFO | message={'message': 'I just shared recipe! It was funny.', 'author': 'Charlie', 'timestamp': '2025-09-24 10:51:44', 'category': 'food', 'sentiment': 0.78, 'keyword_mentioned': 'recipe', 'message_length': 35}
2025-09-24 10:53:07 | INFO | db_path=PosixPath('/Users/USER/Projects/buzzline-05-wilcox/data/buzz.sqlite')
2025-09-24 10:53:07 | INFO | Inserted one message into the database.
2025-09-24 10:53:07 | INFO | Processed message: {'message': 'I just shared Python! It was funny.', 'author': 'Eve', 'timestamp': '2025-09-24 10:51:49', 'category': 'tech', 'sentiment': 0.96, 'keyword_mentioned': 'Python', 'message_length': 35}
2025-09-24 10:53:07 | INFO | Calling SQLite insert_message() with:
2025-09-24 10:53:07 | INFO | message={'message': 'I just shared Python! It was funny.', 'author': 'Eve', 'timestamp': '2025-09-24 10:51:49', 'category': 'tech', 'sentiment': 0.96, 'keyword_mentioned': 'Python', 'message_length': 35}
2025-09-24 10:53:07 | INFO | db_path=PosixPath('/Users/USER/Projects/buzzline-05-wilcox/data/buzz.sqlite')
2025-09-24 10:53:07 | INFO | Inserted one message into the database.
2025-09-24 10:53:07 | INFO | Processed message: {'message': 'I just loved JavaScript! It was exciting.', 'author': 'Eve', 'timestamp': '2025-09-24 10:51:54', 'category': 'tech', 'sentiment': 0.47, 'keyword_mentioned': 'JavaScript', 'message_length': 41}
2025-09-24 10:53:07 | INFO | Calling SQLite insert_message() with:
2025-09-24 10:53:07 | INFO | message={'message': 'I just loved JavaScript! It was exciting.', 'author': 'Eve', 'timestamp': '2025-09-24 10:51:54', 'category': 'tech', 'sentiment': 0.47, 'keyword_mentioned': 'JavaScript', 'message_length': 41}
2025-09-24 10:53:07 | INFO | db_path=PosixPath('/Users/USER/Projects/buzzline-05-wilcox/data/buzz.sqlite')
2025-09-24 10:53:07 | INFO | Inserted one message into the database.
2025-09-24 10:53:07 | INFO | Processed message: {'message': 'I just tried Python! It was weird.', 'author': 'Eve', 'timestamp': '2025-09-24 10:51:59', 'category': 'tech', 'sentiment': 0.88, 'keyword_mentioned': 'Python', 'message_length': 34}
2025-09-24 10:53:07 | INFO | Calling SQLite insert_message() with:
2025-09-24 10:53:07 | INFO | message={'message': 'I just tried Python! It was weird.', 'author': 'Eve', 'timestamp': '2025-09-24 10:51:59', 'category': 'tech', 'sentiment': 0.88, 'keyword_mentioned': 'Python', 'message_length': 34}
2025-09-24 10:53:07 | INFO | db_path=PosixPath('/Users/USER/Projects/buzzline-05-wilcox/data/buzz.sqlite')
2025-09-24 10:53:07 | INFO | Inserted one message into the database.
2025-09-24 10:53:07 | INFO | Processed message: {'message': 'I just loved a meme! It was weird.', 'author': 'Eve', 'timestamp': '2025-09-24 10:52:04', 'category': 'humor', 'sentiment': 0.15, 'keyword_mentioned': 'meme', 'message_length': 34}
2025-09-24 10:53:07 | INFO | Calling SQLite insert_message() with:
2025-09-24 10:53:07 | INFO | message={'message': 'I just loved a meme! It was weird.', 'author': 'Eve', 'timestamp': '2025-09-24 10:52:04', 'category': 'humor', 'sentiment': 0.15, 'keyword_mentioned': 'meme', 'message_length': 34}
2025-09-24 10:53:07 | INFO | db_path=PosixPath('/Users/USER/Projects/buzzline-05-wilcox/data/buzz.sqlite')
2025-09-24 10:53:07 | INFO | Inserted one message into the database.
2025-09-24 10:53:07 | INFO | Processed message: {'message': 'I just saw Python! It was funny.', 'author': 'Charlie', 'timestamp': '2025-09-24 10:52:09', 'category': 'tech', 'sentiment': 0.25, 'keyword_mentioned': 'Python', 'message_length': 32}
2025-09-24 10:53:07 | INFO | Calling SQLite insert_message() with:
2025-09-24 10:53:07 | INFO | message={'message': 'I just saw Python! It was funny.', 'author': 'Charlie', 'timestamp': '2025-09-24 10:52:09', 'category': 'tech', 'sentiment': 0.25, 'keyword_mentioned': 'Python', 'message_length': 32}
2025-09-24 10:53:07 | INFO | db_path=PosixPath('/Users/USER/Projects/buzzline-05-wilcox/data/buzz.sqlite')
2025-09-24 10:53:07 | INFO | Inserted one message into the database.
2025-09-24 10:53:07 | INFO | Processed message: {'message': 'I just saw travel! It was exciting.', 'author': 'Bob', 'timestamp': '2025-09-24 10:52:14', 'category': 'travel', 'sentiment': 0.97, 'keyword_mentioned': 'travel', 'message_length': 35}
2025-09-24 10:53:07 | INFO | Calling SQLite insert_message() with:
2025-09-24 10:53:07 | INFO | message={'message': 'I just saw travel! It was exciting.', 'author': 'Bob', 'timestamp': '2025-09-24 10:52:14', 'category': 'travel', 'sentiment': 0.97, 'keyword_mentioned': 'travel', 'message_length': 35}
2025-09-24 10:53:07 | INFO | db_path=PosixPath('/Users/USER/Projects/buzzline-05-wilcox/data/buzz.sqlite')
2025-09-24 10:53:07 | INFO | Inserted one message into the database.
2025-09-24 10:53:07 | INFO | Processed message: {'message': 'I just saw a movie! It was exciting.', 'author': 'Charlie', 'timestamp': '2025-09-24 10:52:19', 'category': 'entertainment', 'sentiment': 0.99, 'keyword_mentioned': 'movie', 'message_length': 36}
2025-09-24 10:53:07 | INFO | Calling SQLite insert_message() with:
2025-09-24 10:53:07 | INFO | message={'message': 'I just saw a movie! It was exciting.', 'author': 'Charlie', 'timestamp': '2025-09-24 10:52:19', 'category': 'entertainment', 'sentiment': 0.99, 'keyword_mentioned': 'movie', 'message_length': 36}
2025-09-24 10:53:07 | INFO | db_path=PosixPath('/Users/USER/Projects/buzzline-05-wilcox/data/buzz.sqlite')
2025-09-24 10:53:07 | INFO | Inserted one message into the database.
2025-09-24 10:53:07 | INFO | Processed message: {'message': 'I just tried a trick! It was exciting.', 'author': 'Bob', 'timestamp': '2025-09-24 10:52:24', 'category': 'other', 'sentiment': 0.96, 'keyword_mentioned': 'other', 'message_length': 38}
2025-09-24 10:53:07 | INFO | Calling SQLite insert_message() with:
2025-09-24 10:53:07 | INFO | message={'message': 'I just tried a trick! It was exciting.', 'author': 'Bob', 'timestamp': '2025-09-24 10:52:24', 'category': 'other', 'sentiment': 0.96, 'keyword_mentioned': 'other', 'message_length': 38}
2025-09-24 10:53:07 | INFO | db_path=PosixPath('/Users/USER/Projects/buzzline-05-wilcox/data/buzz.sqlite')
2025-09-24 10:53:07 | INFO | Inserted one message into the database.
2025-09-24 10:53:07 | INFO | Processed message: {'message': 'I just shared game! It was funny.', 'author': 'Bob', 'timestamp': '2025-09-24 10:52:29', 'category': 'gaming', 'sentiment': 0.07, 'keyword_mentioned': 'game', 'message_length': 33}
2025-09-24 10:53:07 | INFO | Calling SQLite insert_message() with:
2025-09-24 10:53:07 | INFO | message={'message': 'I just shared game! It was funny.', 'author': 'Bob', 'timestamp': '2025-09-24 10:52:29', 'category': 'gaming', 'sentiment': 0.07, 'keyword_mentioned': 'game', 'message_length': 33}
2025-09-24 10:53:07 | INFO | db_path=PosixPath('/Users/USER/Projects/buzzline-05-wilcox/data/buzz.sqlite')
2025-09-24 10:53:07 | INFO | Inserted one message into the database.
2025-09-24 10:53:07 | INFO | Processed message: {'message': 'I just tried Python! It was amazing.', 'author': 'Alice', 'timestamp': '2025-09-24 10:52:34', 'category': 'tech', 'sentiment': 0.52, 'keyword_mentioned': 'Python', 'message_length': 36}
2025-09-24 10:53:07 | INFO | Calling SQLite insert_message() with:
2025-09-24 10:53:07 | INFO | message={'message': 'I just tried Python! It was amazing.', 'author': 'Alice', 'timestamp': '2025-09-24 10:52:34', 'category': 'tech', 'sentiment': 0.52, 'keyword_mentioned': 'Python', 'message_length': 36}
2025-09-24 10:53:07 | INFO | db_path=PosixPath('/Users/USER/Projects/buzzline-05-wilcox/data/buzz.sqlite')
2025-09-24 10:53:07 | INFO | Inserted one message into the database.
2025-09-24 10:53:07 | INFO | Processed message: {'message': 'I just found a movie! It was funny.', 'author': 'Eve', 'timestamp': '2025-09-24 10:52:39', 'category': 'entertainment', 'sentiment': 0.63, 'keyword_mentioned': 'movie', 'message_length': 35}
2025-09-24 10:53:07 | INFO | Calling SQLite insert_message() with:
2025-09-24 10:53:07 | INFO | message={'message': 'I just found a movie! It was funny.', 'author': 'Eve', 'timestamp': '2025-09-24 10:52:39', 'category': 'entertainment', 'sentiment': 0.63, 'keyword_mentioned': 'movie', 'message_length': 35}
2025-09-24 10:53:07 | INFO | db_path=PosixPath('/Users/USER/Projects/buzzline-05-wilcox/data/buzz.sqlite')
2025-09-24 10:53:07 | INFO | Inserted one message into the database.
2025-09-24 10:53:07 | INFO | Processed message: {'message': 'I just shared recipe! It was funny.', 'author': 'Eve', 'timestamp': '2025-09-24 10:52:44', 'category': 'food', 'sentiment': 0.41, 'keyword_mentioned': 'recipe', 'message_length': 35}
2025-09-24 10:53:07 | INFO | Calling SQLite insert_message() with:
2025-09-24 10:53:07 | INFO | message={'message': 'I just shared recipe! It was funny.', 'author': 'Eve', 'timestamp': '2025-09-24 10:52:44', 'category': 'food', 'sentiment': 0.41, 'keyword_mentioned': 'recipe', 'message_length': 35}
2025-09-24 10:53:07 | INFO | db_path=PosixPath('/Users/USER/Projects/buzzline-05-wilcox/data/buzz.sqlite')
2025-09-24 10:53:07 | INFO | Inserted one message into the database.
2025-09-24 10:53:07 | INFO | Processed message: {'message': 'I just loved Python! It was boring.', 'author': 'Alice', 'timestamp': '2025-09-24 10:52:49', 'category': 'tech', 'sentiment': 0.37, 'keyword_mentioned': 'Python', 'message_length': 35}
2025-09-24 10:53:07 | INFO | Calling SQLite insert_message() with:
2025-09-24 10:53:07 | INFO | message={'message': 'I just loved Python! It was boring.', 'author': 'Alice', 'timestamp': '2025-09-24 10:52:49', 'category': 'tech', 'sentiment': 0.37, 'keyword_mentioned': 'Python', 'message_length': 35}
2025-09-24 10:53:07 | INFO | db_path=PosixPath('/Users/USER/Projects/buzzline-05-wilcox/data/buzz.sqlite')
2025-09-24 10:53:07 | INFO | Inserted one message into the database.
2025-09-24 10:53:07 | INFO | Processed message: {'message': 'I just saw JavaScript! It was amazing.', 'author': 'Charlie', 'timestamp': '2025-09-24 10:52:54', 'category': 'tech', 'sentiment': 0.98, 'keyword_mentioned': 'JavaScript', 'message_length': 38}
2025-09-24 10:53:07 | INFO | Calling SQLite insert_message() with:
2025-09-24 10:53:07 | INFO | message={'message': 'I just saw JavaScript! It was amazing.', 'author': 'Charlie', 'timestamp': '2025-09-24 10:52:54', 'category': 'tech', 'sentiment': 0.98, 'keyword_mentioned': 'JavaScript', 'message_length': 38}
2025-09-24 10:53:07 | INFO | db_path=PosixPath('/Users/USER/Projects/buzzline-05-wilcox/data/buzz.sqlite')
2025-09-24 10:53:07 | INFO | Inserted one message into the database.
2025-09-24 10:53:07 | INFO | Processed message: {'message': 'I just found travel! It was funny.', 'author': 'Alice', 'timestamp': '2025-09-24 10:52:59', 'category': 'travel', 'sentiment': 0.09, 'keyword_mentioned': 'travel', 'message_length': 34}
2025-09-24 10:53:07 | INFO | Calling SQLite insert_message() with:
2025-09-24 10:53:07 | INFO | message={'message': 'I just found travel! It was funny.', 'author': 'Alice', 'timestamp': '2025-09-24 10:52:59', 'category': 'travel', 'sentiment': 0.09, 'keyword_mentioned': 'travel', 'message_length': 34}
2025-09-24 10:53:07 | INFO | db_path=PosixPath('/Users/USER/Projects/buzzline-05-wilcox/data/buzz.sqlite')
2025-09-24 10:53:07 | INFO | Inserted one message into the database.
2025-09-24 10:53:07 | INFO | Processed message: {'message': 'I just found Python! It was exciting.', 'author': 'Alice', 'timestamp': '2025-09-24 10:53:04', 'category': 'tech', 'sentiment': 0.86, 'keyword_mentioned': 'Python', 'message_length': 37}
2025-09-24 10:53:07 | INFO | Calling SQLite insert_message() with:
2025-09-24 10:53:07 | INFO | message={'message': 'I just found Python! It was exciting.', 'author': 'Alice', 'timestamp': '2025-09-24 10:53:04', 'category': 'tech', 'sentiment': 0.86, 'keyword_mentioned': 'Python', 'message_length': 37}
2025-09-24 10:53:07 | INFO | db_path=PosixPath('/Users/USER/Projects/buzzline-05-wilcox/data/buzz.sqlite')
2025-09-24 10:53:07 | INFO | Inserted one message into the database.
2025-09-24 10:53:07 | INFO | TRY/FINALLY: Consumer shutting down.
